<?xml version="1.0" encoding="UTF-8"?>
<!-- Generated by org.testng.reporters.JUnitReportReporter -->
<testsuite skipped="0" hostname="Deepa" name="TestCases.AppiumTest" tests="2" failures="0" timestamp="2019-11-19T15:32:58 IST" time="0.021" errors="0">
  <testcase name="androidtest" time="0.000" classname="TestCases.AppiumTest"/>
  <testcase name="IOStest" time="0.021" classname="TestCases.AppiumTest"/>
</testsuite> <!-- TestCases.AppiumTest -->
