<?xml version="1.0" encoding="UTF-8"?>
<!-- Generated by org.testng.reporters.JUnitReportReporter -->
<testsuite skipped="0" hostname="Deepa" name="TestCases.RESTAPITest" tests="2" failures="0" timestamp="2019-11-19T15:32:58 IST" time="0.000" errors="0">
  <testcase name="restapi2" time="0.000" classname="TestCases.RESTAPITest"/>
  <testcase name="restapi1" time="0.000" classname="TestCases.RESTAPITest"/>
</testsuite> <!-- TestCases.RESTAPITest -->
