<?xml version="1.0" encoding="UTF-8"?>
<!-- Generated by org.testng.reporters.JUnitReportReporter -->
<testsuite skipped="0" hostname="Deepa" name="TestCases.SeleniumTest" tests="2" failures="0" timestamp="2019-11-19T15:32:58 IST" time="0.000" errors="0">
  <testcase name="signup" time="0.000" classname="TestCases.SeleniumTest"/>
  <testcase name="login" time="0.000" classname="TestCases.SeleniumTest"/>
</testsuite> <!-- TestCases.SeleniumTest -->
